
53
67
68
80
123
137
138
443
445
5353
5355
33081
33333
33334
33492
33618
33741
33937
34151
34392
34499
34526
34601
34714
34887
34986
34994
35030
35032
35130
35342
35432
35639
35721
35785
35807
35875
35930
36017
36329
36396
36533
36824
36906
36918
36927
36952
36977
37004
37250
37345
37477
37570
37804
37853
37943
38084
38208
38260
38286
38392
38425
38474
38510
38666
38714
38791
38893
38942
38974
38981
39195
39232
39644
39722
39885
39955
40003
40016
40190
40229
40290
40316
40374
40376
40378
40380
40392
40604
40693
40869
40897
40924
40977
41102
41212
41221
41256
41345
41530
41583
41604
41633
41918
42110
42499
42518
42534
42567
42668
42742
42744
42746
42750
42752
42754
42988
43394
43477
43652
43766
43796
43886
44099
44208
44234
44298
44370
44448
44547
44818
44820
44880
45029
45170
45194
45258
45296
45312
45501
45749
45786
45833
45954
45975
46051
46144
46214
46304
46308
46312
46327
46350
46366
46378
46380
46403
46408
46425
46440
46466
46521
46573
46683
46823
46882
46898
46900
46904
46906
46926
46934
46936
46938
46940
46942
46994
47002
47004
47010
47040
47052
47053
47080
47090
47469
47910
48048
48343
48394
48403
48463
48498
48550
48554
48599
48700
48704
48726
48729
48883
49049
49124
49149
49191
49404
49454
49550
49786
49964
50029
50203
50512
50550
50584
50673
50690
50712
50714
50790
50985
51042
51077
51078
51085
51148
51177
51211
51261
51300
51318
51365
51439
51526
51567
51589
51606
51630
51678
51872
51904
52069
52070
52184
52307
52391
52498
52600
52630
52632
52762
52997
53084
53231
53278
53395
53397
53569
53778
53788
53820
54033
54189
54380
54566
54697
54718
54751
54822
54908
54917
55253
55256
55344
55362
55366
55382
55386
55388
55395
55396
55402
55404
55408
55438
55440
55484
55572
55737
55798
55957
56144
56441
56574
56626
56679
56783
56835
56910
56940
56974
56975
57000
57002
57225
57286
57310
57468
57521
57543
57554
57621
57628
57740
57830
57944
58032
58085
58128
58240
58344
58377
58395
58468
58498
58505
58758
58924
59158
59241
59417
59530
59595
59704
59727
59866
59906
59916
60107
60164
60169
60351
60433
60466
60531
60638
60666
60745
61521
62639
64569
